<?xml version="1.0" encoding="UTF-8"?>
<!-- Generated by org.testng.reporters.JUnitReportReporter -->
<testsuite hostname="DESKTOP-BKC8QFK" failures="0" tests="3" name="TestNGSessions.AmazonTest" time="3.751" errors="0" timestamp="2023-10-27T14:33:02 IST" skipped="0">
  <testcase classname="TestNGSessions.AmazonTest" name="titleTest" time="0.696"/>
  <testcase classname="TestNGSessions.AmazonTest" name="searchExistTest" time="0.220"/>
  <testcase classname="TestNGSessions.AmazonTest" name="isHelpExistTest" time="2.835"/>
</testsuite> <!-- TestNGSessions.AmazonTest -->
