<?xml version="1.0" encoding="UTF-8"?>
<!-- Generated by org.testng.reporters.JUnitReportReporter -->
<testsuite hostname="DESKTOP-BKC8QFK" failures="0" tests="3" name="TestNGSessions.AmazonTestBeforeMethod" time="29.874" errors="0" timestamp="2023-10-25T16:40:03 IST" skipped="0">
  <testcase classname="TestNGSessions.AmazonTestBeforeMethod" name="titleTest" time="11.453"/>
  <testcase classname="TestNGSessions.AmazonTestBeforeMethod" name="isHelpExistTest" time="12.028"/>
  <testcase classname="TestNGSessions.AmazonTestBeforeMethod" name="searchExistTest" time="6.393"/>
</testsuite> <!-- TestNGSessions.AmazonTestBeforeMethod -->
