<?xml version="1.0" encoding="UTF-8"?>
<!-- Generated by org.testng.reporters.JUnitReportReporter -->
<testsuite hostname="DESKTOP-BKC8QFK" failures="0" tests="2" name="TestNGSessions.OpenCartTest" time="0.136" errors="0" timestamp="2023-10-27T14:33:02 IST" skipped="0">
  <testcase classname="TestNGSessions.OpenCartTest" name="titleTest" time="0.033"/>
  <testcase classname="TestNGSessions.OpenCartTest" name="searchExistTest" time="0.103"/>
</testsuite> <!-- TestNGSessions.OpenCartTest -->
