<?xml version="1.0" encoding="UTF-8"?>
<!-- Generated by org.testng.reporters.JUnitReportReporter -->
<testsuite hostname="DESKTOP-BKC8QFK" failures="0" tests="2" name="TestNGSessions.RegisterTest" time="3.462" errors="0" timestamp="2023-10-26T10:18:09 IST" skipped="0">
  <testcase classname="TestNGSessions.RegisterTest" name="registerTest" time="1.805"/>
  <testcase classname="TestNGSessions.RegisterTest" name="registerTest" time="1.657"/>
</testsuite> <!-- TestNGSessions.RegisterTest -->
