<?xml version="1.0" encoding="UTF-8"?>
<!-- Generated by org.testng.reporters.JUnitReportReporter -->
<testsuite hostname="DESKTOP-BKC8QFK" failures="0" tests="2" name="TestNGSessions.CRUDOperationTest" time="0.054" errors="0" timestamp="2023-10-25T18:49:48 IST" skipped="0">
  <testcase classname="TestNGSessions.CRUDOperationTest" name="getUserTest" time="0.011"/>
  <testcase classname="TestNGSessions.CRUDOperationTest" name="createUserTest" time="0.043"/>
</testsuite> <!-- TestNGSessions.CRUDOperationTest -->
