<?xml version="1.0" encoding="UTF-8"?>
<!-- Generated by org.testng.reporters.JUnitReportReporter -->
<testsuite hostname="DESKTOP-BKC8QFK" failures="0" tests="1" name="TestNGSessions.LoginPageTest" time="0.045" errors="0" timestamp="2023-10-25T09:59:21 IST" skipped="0">
  <testcase classname="TestNGSessions.LoginPageTest" name="homPageSearchTest" time="0.045"/>
</testsuite> <!-- TestNGSessions.LoginPageTest -->
