<?xml version="1.0" encoding="UTF-8"?>
<!-- Generated by org.testng.reporters.JUnitReportReporter -->
<testsuite hostname="DESKTOP-BKC8QFK" failures="0" tests="3" name="TestNGSessions.SearchProductTest" time="15.203" errors="0" timestamp="2023-10-26T13:36:43 IST" skipped="0">
  <testcase classname="TestNGSessions.SearchProductTest" name="registerTest" time="4.020"/>
  <testcase classname="TestNGSessions.SearchProductTest" name="registerTest" time="5.430"/>
  <testcase classname="TestNGSessions.SearchProductTest" name="registerTest" time="5.753"/>
</testsuite> <!-- TestNGSessions.SearchProductTest -->
