<?xml version="1.0" encoding="UTF-8"?>
<!-- Generated by org.testng.reporters.JUnitReportReporter -->
<testsuite hostname="DESKTOP-BKC8QFK" failures="0" tests="5" name="TestNGSessions.PriorityTest" time="0.044" errors="0" timestamp="2023-10-25T18:05:15 IST" skipped="0">
  <testcase classname="TestNGSessions.PriorityTest" name="a_test" time="0.025"/>
  <testcase classname="TestNGSessions.PriorityTest" name="b_test" time="0.004"/>
  <testcase classname="TestNGSessions.PriorityTest" name="c_test" time="0.005"/>
  <testcase classname="TestNGSessions.PriorityTest" name="d_test" time="0.003"/>
  <testcase classname="TestNGSessions.PriorityTest" name="e_test" time="0.007"/>
</testsuite> <!-- TestNGSessions.PriorityTest -->
