<?xml version="1.0" encoding="UTF-8"?>
<!-- Generated by org.testng.reporters.JUnitReportReporter -->
<testsuite hostname="DESKTOP-BKC8QFK" failures="0" tests="2" name="TestNGSessions.GoogleTest" time="0.238" errors="0" timestamp="2023-10-27T14:33:02 IST" skipped="0">
  <testcase classname="TestNGSessions.GoogleTest" name="titleTest" time="0.068"/>
  <testcase classname="TestNGSessions.GoogleTest" name="searchExistTest" time="0.170"/>
</testsuite> <!-- TestNGSessions.GoogleTest -->
