<?xml version="1.0" encoding="UTF-8"?>
<!-- Generated by org.testng.reporters.JUnitReportReporter -->
<testsuite hostname="DESKTOP-BKC8QFK" failures="0" tests="10" name="TestNGSessions.InvocationCountConcept" time="0.084" errors="0" timestamp="2023-10-25T19:28:18 IST" skipped="0">
  <testcase classname="TestNGSessions.InvocationCountConcept" name="createUserTest" time="0.011"/>
  <testcase classname="TestNGSessions.InvocationCountConcept" name="createUserTest" time="0.004"/>
  <testcase classname="TestNGSessions.InvocationCountConcept" name="createUserTest" time="0.004"/>
  <testcase classname="TestNGSessions.InvocationCountConcept" name="createUserTest" time="0.004"/>
  <testcase classname="TestNGSessions.InvocationCountConcept" name="createUserTest" time="0.026"/>
  <testcase classname="TestNGSessions.InvocationCountConcept" name="createUserTest" time="0.003"/>
  <testcase classname="TestNGSessions.InvocationCountConcept" name="createUserTest" time="0.005"/>
  <testcase classname="TestNGSessions.InvocationCountConcept" name="createUserTest" time="0.007"/>
  <testcase classname="TestNGSessions.InvocationCountConcept" name="createUserTest" time="0.010"/>
  <testcase classname="TestNGSessions.InvocationCountConcept" name="createUserTest" time="0.010"/>
</testsuite> <!-- TestNGSessions.InvocationCountConcept -->
